{"/home/jesus/web_Scraping/Scrap_OverFlow/controllers/googleSearchController.js": {"path":"/home/jesus/web_Scraping/Scrap_OverFlow/controllers/googleSearchController.js","statementMap":{"0":{"start":{"line":6,"column":20},"end":{"line":6,"column":33}},"1":{"start":{"line":7,"column":4},"end":{"line":7,"column":25}},"2":{"start":{"line":8,"column":25},"end":{"line":8,"column":50}},"3":{"start":{"line":9,"column":16},"end":{"line":9,"column":65}},"4":{"start":{"line":10,"column":17},"end":{"line":10,"column":50}},"5":{"start":{"line":13,"column":19},"end":{"line":13,"column":35}},"6":{"start":{"line":14,"column":18},"end":{"line":14,"column":35}},"7":{"start":{"line":15,"column":4},"end":{"line":15,"column":26}},"8":{"start":{"line":17,"column":4},"end":{"line":17,"column":17}}},"fnMap":{"0":{"name":"searchLinks","decl":{"start":{"line":4,"column":15},"end":{"line":4,"column":26}},"loc":{"start":{"line":4,"column":34},"end":{"line":18,"column":3}},"line":4}},"branchMap":{},"s":{"0":2,"1":2,"2":2,"3":2,"4":2,"5":2,"6":2,"7":2,"8":2},"f":{"0":2},"b":{},"_coverageSchema":"1a1c01bbd47fc00a2c39e90264f33305004495a9","hash":"ae22b383ebc3107b106526de49ef9705acabd002"}
,"/home/jesus/web_Scraping/Scrap_OverFlow/controllers/stackOverflowController.js": {"path":"/home/jesus/web_Scraping/Scrap_OverFlow/controllers/stackOverflowController.js","statementMap":{"0":{"start":{"line":6,"column":24},"end":{"line":6,"column":91}},"1":{"start":{"line":7,"column":16},"end":{"line":7,"column":87}},"2":{"start":{"line":7,"column":42},"end":{"line":7,"column":86}},"3":{"start":{"line":9,"column":20},"end":{"line":9,"column":33}},"4":{"start":{"line":10,"column":4},"end":{"line":10,"column":25}},"5":{"start":{"line":11,"column":17},"end":{"line":11,"column":50}},"6":{"start":{"line":12,"column":19},"end":{"line":12,"column":35}},"7":{"start":{"line":14,"column":18},"end":{"line":14,"column":35}},"8":{"start":{"line":15,"column":21},"end":{"line":15,"column":41}},"9":{"start":{"line":16,"column":20},"end":{"line":16,"column":39}},"10":{"start":{"line":19,"column":4},"end":{"line":19,"column":26}},"11":{"start":{"line":21,"column":4},"end":{"line":25,"column":5}}},"fnMap":{"0":{"name":"getContent","decl":{"start":{"line":5,"column":15},"end":{"line":5,"column":25}},"loc":{"start":{"line":5,"column":32},"end":{"line":26,"column":1}},"line":5},"1":{"name":"(anonymous_1)","decl":{"start":{"line":7,"column":33},"end":{"line":7,"column":34}},"loc":{"start":{"line":7,"column":42},"end":{"line":7,"column":86}},"line":7}},"branchMap":{},"s":{"0":1,"1":1,"2":18,"3":1,"4":1,"5":1,"6":1,"7":1,"8":1,"9":0,"10":0,"11":0},"f":{"0":1,"1":18},"b":{},"_coverageSchema":"1a1c01bbd47fc00a2c39e90264f33305004495a9","hash":"b7825e6293e6567049568baaa5d33504fe454d9c"}
,"/home/jesus/web_Scraping/Scrap_OverFlow/utils/parser.js": {"path":"/home/jesus/web_Scraping/Scrap_OverFlow/utils/parser.js","statementMap":{"0":{"start":{"line":19,"column":4},"end":{"line":19,"column":21}},"1":{"start":{"line":20,"column":4},"end":{"line":20,"column":24}},"2":{"start":{"line":29,"column":18},"end":{"line":29,"column":29}},"3":{"start":{"line":30,"column":16},"end":{"line":30,"column":36}},"4":{"start":{"line":31,"column":4},"end":{"line":31,"column":40}},"5":{"start":{"line":39,"column":4},"end":{"line":39,"column":64}},"6":{"start":{"line":43,"column":18},"end":{"line":43,"column":65}},"7":{"start":{"line":44,"column":4},"end":{"line":44,"column":42}},"8":{"start":{"line":44,"column":31},"end":{"line":44,"column":40}},"9":{"start":{"line":54,"column":21},"end":{"line":54,"column":44}},"10":{"start":{"line":55,"column":18},"end":{"line":55,"column":43}},"11":{"start":{"line":56,"column":17},"end":{"line":56,"column":39}},"12":{"start":{"line":57,"column":4},"end":{"line":61,"column":6}},"13":{"start":{"line":70,"column":4},"end":{"line":70,"column":52}},"14":{"start":{"line":79,"column":17},"end":{"line":79,"column":72}},"15":{"start":{"line":80,"column":4},"end":{"line":80,"column":16}},"16":{"start":{"line":88,"column":18},"end":{"line":88,"column":72}},"17":{"start":{"line":89,"column":4},"end":{"line":89,"column":27}},"18":{"start":{"line":97,"column":17},"end":{"line":97,"column":81}},"19":{"start":{"line":98,"column":4},"end":{"line":98,"column":42}},"20":{"start":{"line":98,"column":27},"end":{"line":98,"column":40}},"21":{"start":{"line":106,"column":18},"end":{"line":106,"column":81}},"22":{"start":{"line":107,"column":4},"end":{"line":107,"column":53}},"23":{"start":{"line":107,"column":28},"end":{"line":107,"column":51}},"24":{"start":{"line":115,"column":4},"end":{"line":115,"column":65}},"25":{"start":{"line":123,"column":20},"end":{"line":123,"column":41}},"26":{"start":{"line":124,"column":4},"end":{"line":126,"column":6}},"27":{"start":{"line":127,"column":18},"end":{"line":127,"column":42}},"28":{"start":{"line":128,"column":17},"end":{"line":128,"column":38}},"29":{"start":{"line":129,"column":4},"end":{"line":133,"column":6}}},"fnMap":{"0":{"name":"(anonymous_0)","decl":{"start":{"line":14,"column":2},"end":{"line":14,"column":3}},"loc":{"start":{"line":14,"column":20},"end":{"line":21,"column":3}},"line":14},"1":{"name":"(anonymous_1)","decl":{"start":{"line":28,"column":2},"end":{"line":28,"column":3}},"loc":{"start":{"line":28,"column":17},"end":{"line":32,"column":3}},"line":28},"2":{"name":"(anonymous_2)","decl":{"start":{"line":38,"column":2},"end":{"line":38,"column":3}},"loc":{"start":{"line":38,"column":13},"end":{"line":40,"column":3}},"line":38},"3":{"name":"(anonymous_3)","decl":{"start":{"line":42,"column":2},"end":{"line":42,"column":3}},"loc":{"start":{"line":42,"column":13},"end":{"line":45,"column":3}},"line":42},"4":{"name":"(anonymous_4)","decl":{"start":{"line":44,"column":21},"end":{"line":44,"column":22}},"loc":{"start":{"line":44,"column":31},"end":{"line":44,"column":40}},"line":44},"5":{"name":"(anonymous_5)","decl":{"start":{"line":53,"column":2},"end":{"line":53,"column":3}},"loc":{"start":{"line":53,"column":16},"end":{"line":62,"column":3}},"line":53},"6":{"name":"(anonymous_6)","decl":{"start":{"line":69,"column":2},"end":{"line":69,"column":3}},"loc":{"start":{"line":69,"column":21},"end":{"line":71,"column":3}},"line":69},"7":{"name":"(anonymous_7)","decl":{"start":{"line":78,"column":2},"end":{"line":78,"column":3}},"loc":{"start":{"line":78,"column":19},"end":{"line":81,"column":3}},"line":78},"8":{"name":"(anonymous_8)","decl":{"start":{"line":87,"column":2},"end":{"line":87,"column":3}},"loc":{"start":{"line":87,"column":22},"end":{"line":90,"column":3}},"line":87},"9":{"name":"(anonymous_9)","decl":{"start":{"line":96,"column":2},"end":{"line":96,"column":3}},"loc":{"start":{"line":96,"column":16},"end":{"line":99,"column":3}},"line":96},"10":{"name":"(anonymous_10)","decl":{"start":{"line":98,"column":20},"end":{"line":98,"column":21}},"loc":{"start":{"line":98,"column":27},"end":{"line":98,"column":40}},"line":98},"11":{"name":"(anonymous_11)","decl":{"start":{"line":105,"column":2},"end":{"line":105,"column":3}},"loc":{"start":{"line":105,"column":17},"end":{"line":108,"column":3}},"line":105},"12":{"name":"(anonymous_12)","decl":{"start":{"line":107,"column":21},"end":{"line":107,"column":22}},"loc":{"start":{"line":107,"column":28},"end":{"line":107,"column":51}},"line":107},"13":{"name":"(anonymous_13)","decl":{"start":{"line":114,"column":2},"end":{"line":114,"column":3}},"loc":{"start":{"line":114,"column":19},"end":{"line":116,"column":3}},"line":114},"14":{"name":"(anonymous_14)","decl":{"start":{"line":122,"column":2},"end":{"line":122,"column":3}},"loc":{"start":{"line":122,"column":15},"end":{"line":135,"column":3}},"line":122},"15":{"name":"(anonymous_15)","decl":{"start":{"line":124,"column":23},"end":{"line":124,"column":24}},"loc":{"start":{"line":124,"column":35},"end":{"line":126,"column":5}},"line":124}},"branchMap":{},"s":{"0":4,"1":4,"2":4,"3":4,"4":4,"5":2,"6":2,"7":2,"8":164,"9":2,"10":2,"11":1,"12":1,"13":4,"14":2,"15":1,"16":3,"17":2,"18":1,"19":1,"20":11,"21":1,"22":1,"23":8,"24":1,"25":0,"26":0,"27":0,"28":0,"29":0},"f":{"0":4,"1":4,"2":2,"3":2,"4":164,"5":2,"6":4,"7":2,"8":3,"9":1,"10":11,"11":1,"12":8,"13":1,"14":0,"15":0},"b":{},"_coverageSchema":"1a1c01bbd47fc00a2c39e90264f33305004495a9","hash":"7e920afd6e7263e8271c458b59a13802ddde3c81"}
,"/home/jesus/web_Scraping/Scrap_OverFlow/utils/scraper.js": {"path":"/home/jesus/web_Scraping/Scrap_OverFlow/utils/scraper.js","statementMap":{"0":{"start":{"line":5,"column":4},"end":{"line":5,"column":24}},"1":{"start":{"line":6,"column":4},"end":{"line":6,"column":21}},"2":{"start":{"line":10,"column":4},"end":{"line":10,"column":44}},"3":{"start":{"line":11,"column":4},"end":{"line":11,"column":45}},"4":{"start":{"line":15,"column":4},"end":{"line":15,"column":30}},"5":{"start":{"line":16,"column":4},"end":{"line":16,"column":37}},"6":{"start":{"line":20,"column":4},"end":{"line":20,"column":31}}},"fnMap":{"0":{"name":"(anonymous_0)","decl":{"start":{"line":4,"column":2},"end":{"line":4,"column":3}},"loc":{"start":{"line":4,"column":16},"end":{"line":7,"column":3}},"line":4},"1":{"name":"(anonymous_1)","decl":{"start":{"line":9,"column":2},"end":{"line":9,"column":3}},"loc":{"start":{"line":9,"column":15},"end":{"line":12,"column":3}},"line":9},"2":{"name":"(anonymous_2)","decl":{"start":{"line":14,"column":2},"end":{"line":14,"column":3}},"loc":{"start":{"line":14,"column":28},"end":{"line":17,"column":3}},"line":14},"3":{"name":"(anonymous_3)","decl":{"start":{"line":19,"column":2},"end":{"line":19,"column":3}},"loc":{"start":{"line":19,"column":16},"end":{"line":21,"column":3}},"line":19}},"branchMap":{},"s":{"0":3,"1":3,"2":3,"3":3,"4":3,"5":3,"6":2},"f":{"0":3,"1":3,"2":3,"3":2},"b":{},"_coverageSchema":"1a1c01bbd47fc00a2c39e90264f33305004495a9","hash":"24d919fedadc7efb0541016a361f757c0b129560"}
}
