{"/usr/src/app/controllers/googleSearchController.js": {"path":"/usr/src/app/controllers/googleSearchController.js","statementMap":{"0":{"start":{"line":6,"column":20},"end":{"line":6,"column":33}},"1":{"start":{"line":7,"column":4},"end":{"line":7,"column":25}},"2":{"start":{"line":8,"column":25},"end":{"line":8,"column":50}},"3":{"start":{"line":9,"column":16},"end":{"line":9,"column":65}},"4":{"start":{"line":10,"column":17},"end":{"line":10,"column":50}},"5":{"start":{"line":13,"column":19},"end":{"line":13,"column":35}},"6":{"start":{"line":14,"column":18},"end":{"line":14,"column":35}},"7":{"start":{"line":15,"column":4},"end":{"line":15,"column":26}},"8":{"start":{"line":17,"column":4},"end":{"line":17,"column":17}}},"fnMap":{"0":{"name":"searchLinks","decl":{"start":{"line":4,"column":15},"end":{"line":4,"column":26}},"loc":{"start":{"line":4,"column":34},"end":{"line":18,"column":3}},"line":4}},"branchMap":{},"s":{"0":2,"1":2,"2":2,"3":2,"4":2,"5":2,"6":2,"7":2,"8":2},"f":{"0":2},"b":{},"_coverageSchema":"1a1c01bbd47fc00a2c39e90264f33305004495a9","hash":"6cd193e7b1f3400d0558425564adf00050c7d553"}
,"/usr/src/app/controllers/stackOverflowController.js": {"path":"/usr/src/app/controllers/stackOverflowController.js","statementMap":{"0":{"start":{"line":8,"column":24},"end":{"line":8,"column":90}},"1":{"start":{"line":9,"column":16},"end":{"line":9,"column":87}},"2":{"start":{"line":9,"column":42},"end":{"line":9,"column":86}},"3":{"start":{"line":10,"column":20},"end":{"line":10,"column":33}},"4":{"start":{"line":11,"column":4},"end":{"line":11,"column":25}},"5":{"start":{"line":12,"column":17},"end":{"line":12,"column":50}},"6":{"start":{"line":13,"column":19},"end":{"line":13,"column":35}},"7":{"start":{"line":14,"column":4},"end":{"line":14,"column":35}},"8":{"start":{"line":14,"column":16},"end":{"line":14,"column":35}},"9":{"start":{"line":15,"column":18},"end":{"line":15,"column":35}},"10":{"start":{"line":16,"column":21},"end":{"line":16,"column":41}},"11":{"start":{"line":17,"column":20},"end":{"line":17,"column":39}},"12":{"start":{"line":18,"column":26},"end":{"line":24,"column":6}},"13":{"start":{"line":25,"column":4},"end":{"line":25,"column":31}},"14":{"start":{"line":26,"column":4},"end":{"line":34,"column":7}},"15":{"start":{"line":27,"column":28},"end":{"line":32,"column":10}},"16":{"start":{"line":33,"column":8},"end":{"line":33,"column":33}},"17":{"start":{"line":37,"column":4},"end":{"line":37,"column":26}},"18":{"start":{"line":39,"column":4},"end":{"line":44,"column":5}}},"fnMap":{"0":{"name":"getContent","decl":{"start":{"line":7,"column":15},"end":{"line":7,"column":25}},"loc":{"start":{"line":7,"column":32},"end":{"line":45,"column":1}},"line":7},"1":{"name":"(anonymous_1)","decl":{"start":{"line":9,"column":33},"end":{"line":9,"column":34}},"loc":{"start":{"line":9,"column":42},"end":{"line":9,"column":86}},"line":9},"2":{"name":"(anonymous_2)","decl":{"start":{"line":26,"column":20},"end":{"line":26,"column":21}},"loc":{"start":{"line":26,"column":38},"end":{"line":34,"column":5}},"line":26}},"branchMap":{"0":{"loc":{"start":{"line":14,"column":4},"end":{"line":14,"column":35}},"type":"if","locations":[{"start":{"line":14,"column":4},"end":{"line":14,"column":35}},{"start":{},"end":{}}],"line":14}},"s":{"0":1,"1":1,"2":20,"3":1,"4":1,"5":1,"6":1,"7":1,"8":0,"9":1,"10":1,"11":1,"12":1,"13":1,"14":1,"15":7,"16":7,"17":1,"18":1},"f":{"0":1,"1":20,"2":7},"b":{"0":[0,1]},"_coverageSchema":"1a1c01bbd47fc00a2c39e90264f33305004495a9","hash":"fe9d41a5cf58657e5712241303a0fe3a89eff22c"}
,"/usr/src/app/models/answer.js": {"path":"/usr/src/app/models/answer.js","statementMap":{"0":{"start":{"line":3,"column":21},"end":{"line":21,"column":2}},"1":{"start":{"line":23,"column":15},"end":{"line":23,"column":53}}},"fnMap":{},"branchMap":{},"s":{"0":1,"1":1},"f":{},"b":{},"_coverageSchema":"1a1c01bbd47fc00a2c39e90264f33305004495a9","hash":"6dda53519f5d3e986298eb74b6fcfd5dfc43e66d"}
,"/usr/src/app/models/question.js": {"path":"/usr/src/app/models/question.js","statementMap":{"0":{"start":{"line":3,"column":23},"end":{"line":24,"column":2}},"1":{"start":{"line":26,"column":17},"end":{"line":26,"column":60}}},"fnMap":{},"branchMap":{},"s":{"0":1,"1":1},"f":{},"b":{},"_coverageSchema":"1a1c01bbd47fc00a2c39e90264f33305004495a9","hash":"3d3d595fa1dd95e4627d78218b3aed6acf1c21ce"}
,"/usr/src/app/utils/mongoose.js": {"path":"/usr/src/app/utils/mongoose.js","statementMap":{"0":{"start":{"line":2,"column":13},"end":{"line":2,"column":35}},"1":{"start":{"line":3,"column":13},"end":{"line":3,"column":18}},"2":{"start":{"line":4,"column":17},"end":{"line":4,"column":33}},"3":{"start":{"line":5,"column":20},"end":{"line":5,"column":59}},"4":{"start":{"line":8,"column":0},"end":{"line":13,"column":78}},"5":{"start":{"line":12,"column":16},"end":{"line":12,"column":64}},"6":{"start":{"line":13,"column":21},"end":{"line":13,"column":76}}},"fnMap":{"0":{"name":"(anonymous_0)","decl":{"start":{"line":12,"column":10},"end":{"line":12,"column":11}},"loc":{"start":{"line":12,"column":16},"end":{"line":12,"column":64}},"line":12},"1":{"name":"(anonymous_1)","decl":{"start":{"line":13,"column":11},"end":{"line":13,"column":12}},"loc":{"start":{"line":13,"column":21},"end":{"line":13,"column":76}},"line":13}},"branchMap":{},"s":{"0":1,"1":1,"2":1,"3":1,"4":1,"5":1,"6":0},"f":{"0":1,"1":0},"b":{},"_coverageSchema":"1a1c01bbd47fc00a2c39e90264f33305004495a9","hash":"a0cf149a2ae0c2055c5c3353f6b9397a32b8683f"}
,"/usr/src/app/utils/parser.js": {"path":"/usr/src/app/utils/parser.js","statementMap":{"0":{"start":{"line":19,"column":4},"end":{"line":19,"column":21}},"1":{"start":{"line":20,"column":4},"end":{"line":20,"column":24}},"2":{"start":{"line":29,"column":18},"end":{"line":29,"column":29}},"3":{"start":{"line":30,"column":16},"end":{"line":30,"column":36}},"4":{"start":{"line":31,"column":4},"end":{"line":31,"column":40}},"5":{"start":{"line":39,"column":4},"end":{"line":39,"column":64}},"6":{"start":{"line":47,"column":18},"end":{"line":47,"column":65}},"7":{"start":{"line":48,"column":4},"end":{"line":48,"column":42}},"8":{"start":{"line":48,"column":31},"end":{"line":48,"column":40}},"9":{"start":{"line":58,"column":21},"end":{"line":58,"column":44}},"10":{"start":{"line":59,"column":18},"end":{"line":59,"column":43}},"11":{"start":{"line":60,"column":17},"end":{"line":60,"column":43}},"12":{"start":{"line":61,"column":4},"end":{"line":65,"column":6}},"13":{"start":{"line":74,"column":4},"end":{"line":74,"column":52}},"14":{"start":{"line":83,"column":18},"end":{"line":83,"column":76}},"15":{"start":{"line":84,"column":4},"end":{"line":85,"column":17}},"16":{"start":{"line":85,"column":6},"end":{"line":85,"column":17}},"17":{"start":{"line":86,"column":4},"end":{"line":87,"column":41}},"18":{"start":{"line":87,"column":6},"end":{"line":87,"column":41}},"19":{"start":{"line":88,"column":4},"end":{"line":88,"column":54}},"20":{"start":{"line":96,"column":18},"end":{"line":96,"column":72}},"21":{"start":{"line":97,"column":4},"end":{"line":97,"column":27}},"22":{"start":{"line":105,"column":17},"end":{"line":105,"column":81}},"23":{"start":{"line":106,"column":4},"end":{"line":106,"column":42}},"24":{"start":{"line":106,"column":27},"end":{"line":106,"column":40}},"25":{"start":{"line":114,"column":18},"end":{"line":114,"column":81}},"26":{"start":{"line":115,"column":4},"end":{"line":115,"column":53}},"27":{"start":{"line":115,"column":28},"end":{"line":115,"column":51}},"28":{"start":{"line":123,"column":4},"end":{"line":123,"column":65}},"29":{"start":{"line":131,"column":20},"end":{"line":131,"column":41}},"30":{"start":{"line":132,"column":4},"end":{"line":140,"column":7}},"31":{"start":{"line":133,"column":20},"end":{"line":133,"column":43}},"32":{"start":{"line":134,"column":19},"end":{"line":134,"column":43}},"33":{"start":{"line":135,"column":6},"end":{"line":139,"column":8}}},"fnMap":{"0":{"name":"(anonymous_0)","decl":{"start":{"line":14,"column":2},"end":{"line":14,"column":3}},"loc":{"start":{"line":14,"column":20},"end":{"line":21,"column":3}},"line":14},"1":{"name":"(anonymous_1)","decl":{"start":{"line":28,"column":2},"end":{"line":28,"column":3}},"loc":{"start":{"line":28,"column":17},"end":{"line":32,"column":3}},"line":28},"2":{"name":"(anonymous_2)","decl":{"start":{"line":38,"column":2},"end":{"line":38,"column":3}},"loc":{"start":{"line":38,"column":13},"end":{"line":40,"column":3}},"line":38},"3":{"name":"(anonymous_3)","decl":{"start":{"line":46,"column":2},"end":{"line":46,"column":3}},"loc":{"start":{"line":46,"column":13},"end":{"line":49,"column":3}},"line":46},"4":{"name":"(anonymous_4)","decl":{"start":{"line":48,"column":21},"end":{"line":48,"column":22}},"loc":{"start":{"line":48,"column":31},"end":{"line":48,"column":40}},"line":48},"5":{"name":"(anonymous_5)","decl":{"start":{"line":57,"column":2},"end":{"line":57,"column":3}},"loc":{"start":{"line":57,"column":16},"end":{"line":66,"column":3}},"line":57},"6":{"name":"(anonymous_6)","decl":{"start":{"line":73,"column":2},"end":{"line":73,"column":3}},"loc":{"start":{"line":73,"column":21},"end":{"line":75,"column":3}},"line":73},"7":{"name":"(anonymous_7)","decl":{"start":{"line":82,"column":2},"end":{"line":82,"column":3}},"loc":{"start":{"line":82,"column":23},"end":{"line":89,"column":3}},"line":82},"8":{"name":"(anonymous_8)","decl":{"start":{"line":95,"column":2},"end":{"line":95,"column":3}},"loc":{"start":{"line":95,"column":22},"end":{"line":98,"column":3}},"line":95},"9":{"name":"(anonymous_9)","decl":{"start":{"line":104,"column":2},"end":{"line":104,"column":3}},"loc":{"start":{"line":104,"column":16},"end":{"line":107,"column":3}},"line":104},"10":{"name":"(anonymous_10)","decl":{"start":{"line":106,"column":20},"end":{"line":106,"column":21}},"loc":{"start":{"line":106,"column":27},"end":{"line":106,"column":40}},"line":106},"11":{"name":"(anonymous_11)","decl":{"start":{"line":113,"column":2},"end":{"line":113,"column":3}},"loc":{"start":{"line":113,"column":17},"end":{"line":116,"column":3}},"line":113},"12":{"name":"(anonymous_12)","decl":{"start":{"line":115,"column":21},"end":{"line":115,"column":22}},"loc":{"start":{"line":115,"column":28},"end":{"line":115,"column":51}},"line":115},"13":{"name":"(anonymous_13)","decl":{"start":{"line":122,"column":2},"end":{"line":122,"column":3}},"loc":{"start":{"line":122,"column":19},"end":{"line":124,"column":3}},"line":122},"14":{"name":"(anonymous_14)","decl":{"start":{"line":130,"column":2},"end":{"line":130,"column":3}},"loc":{"start":{"line":130,"column":15},"end":{"line":144,"column":3}},"line":130},"15":{"name":"(anonymous_15)","decl":{"start":{"line":132,"column":23},"end":{"line":132,"column":24}},"loc":{"start":{"line":132,"column":35},"end":{"line":140,"column":5}},"line":132}},"branchMap":{"0":{"loc":{"start":{"line":84,"column":4},"end":{"line":85,"column":17}},"type":"if","locations":[{"start":{"line":84,"column":4},"end":{"line":85,"column":17}},{"start":{},"end":{}}],"line":84},"1":{"loc":{"start":{"line":86,"column":4},"end":{"line":87,"column":41}},"type":"if","locations":[{"start":{"line":86,"column":4},"end":{"line":87,"column":41}},{"start":{},"end":{}}],"line":86}},"s":{"0":4,"1":4,"2":4,"3":4,"4":4,"5":2,"6":3,"7":3,"8":415,"9":2,"10":2,"11":2,"12":2,"13":4,"14":16,"15":16,"16":0,"17":16,"18":10,"19":6,"20":17,"21":17,"22":0,"23":0,"24":0,"25":1,"26":1,"27":8,"28":3,"29":2,"30":2,"31":14,"32":14,"33":14},"f":{"0":4,"1":4,"2":2,"3":3,"4":415,"5":2,"6":4,"7":16,"8":17,"9":0,"10":0,"11":1,"12":8,"13":3,"14":2,"15":14},"b":{"0":[0,16],"1":[10,6]},"_coverageSchema":"1a1c01bbd47fc00a2c39e90264f33305004495a9","hash":"ef5479e4001df28aeffdfc3fd81837931e6ce8a5"}
,"/usr/src/app/utils/scraper.js": {"path":"/usr/src/app/utils/scraper.js","statementMap":{"0":{"start":{"line":5,"column":4},"end":{"line":5,"column":24}},"1":{"start":{"line":6,"column":4},"end":{"line":6,"column":21}},"2":{"start":{"line":10,"column":4},"end":{"line":14,"column":5}},"3":{"start":{"line":15,"column":4},"end":{"line":15,"column":45}},"4":{"start":{"line":19,"column":4},"end":{"line":19,"column":30}},"5":{"start":{"line":20,"column":4},"end":{"line":20,"column":37}},"6":{"start":{"line":24,"column":4},"end":{"line":24,"column":31}}},"fnMap":{"0":{"name":"(anonymous_0)","decl":{"start":{"line":4,"column":2},"end":{"line":4,"column":3}},"loc":{"start":{"line":4,"column":16},"end":{"line":7,"column":3}},"line":4},"1":{"name":"(anonymous_1)","decl":{"start":{"line":9,"column":2},"end":{"line":9,"column":3}},"loc":{"start":{"line":9,"column":15},"end":{"line":16,"column":3}},"line":9},"2":{"name":"(anonymous_2)","decl":{"start":{"line":18,"column":2},"end":{"line":18,"column":3}},"loc":{"start":{"line":18,"column":28},"end":{"line":21,"column":3}},"line":18},"3":{"name":"(anonymous_3)","decl":{"start":{"line":23,"column":2},"end":{"line":23,"column":3}},"loc":{"start":{"line":23,"column":16},"end":{"line":25,"column":3}},"line":23}},"branchMap":{},"s":{"0":3,"1":3,"2":3,"3":3,"4":3,"5":3,"6":3},"f":{"0":3,"1":3,"2":3,"3":3},"b":{},"_coverageSchema":"1a1c01bbd47fc00a2c39e90264f33305004495a9","hash":"262a8bcb9aacec61323cb33d7e1cd922db3cdb5c"}
}
