TN:
SF:controllers/googleSearchController.js
FN:4,searchLinks
FNF:1
FNH:1
FNDA:2,searchLinks
DA:6,2
DA:7,2
DA:8,2
DA:9,2
DA:10,2
DA:13,2
DA:14,2
DA:15,2
DA:17,2
LF:9
LH:9
BRF:0
BRH:0
end_of_record
TN:
SF:controllers/stackOverflowController.js
FN:5,getContent
FN:7,(anonymous_1)
FNF:2
FNH:2
FNDA:1,getContent
FNDA:18,(anonymous_1)
DA:6,1
DA:7,18
DA:9,1
DA:10,1
DA:11,1
DA:12,1
DA:14,1
DA:15,1
DA:16,0
DA:19,0
DA:21,0
LF:11
LH:8
BRF:0
BRH:0
end_of_record
TN:
SF:utils/parser.js
FN:14,(anonymous_0)
FN:28,(anonymous_1)
FN:38,(anonymous_2)
FN:42,(anonymous_3)
FN:44,(anonymous_4)
FN:53,(anonymous_5)
FN:69,(anonymous_6)
FN:78,(anonymous_7)
FN:87,(anonymous_8)
FN:96,(anonymous_9)
FN:98,(anonymous_10)
FN:105,(anonymous_11)
FN:107,(anonymous_12)
FN:114,(anonymous_13)
FN:122,(anonymous_14)
FN:124,(anonymous_15)
FNF:16
FNH:14
FNDA:4,(anonymous_0)
FNDA:4,(anonymous_1)
FNDA:2,(anonymous_2)
FNDA:2,(anonymous_3)
FNDA:164,(anonymous_4)
FNDA:2,(anonymous_5)
FNDA:4,(anonymous_6)
FNDA:2,(anonymous_7)
FNDA:3,(anonymous_8)
FNDA:1,(anonymous_9)
FNDA:11,(anonymous_10)
FNDA:1,(anonymous_11)
FNDA:8,(anonymous_12)
FNDA:1,(anonymous_13)
FNDA:0,(anonymous_14)
FNDA:0,(anonymous_15)
DA:19,4
DA:20,4
DA:29,4
DA:30,4
DA:31,4
DA:39,2
DA:43,2
DA:44,164
DA:54,2
DA:55,2
DA:56,1
DA:57,1
DA:70,4
DA:79,2
DA:80,1
DA:88,3
DA:89,2
DA:97,1
DA:98,11
DA:106,1
DA:107,8
DA:115,1
DA:123,0
DA:124,0
DA:127,0
DA:128,0
DA:129,0
LF:27
LH:22
BRF:0
BRH:0
end_of_record
TN:
SF:utils/scraper.js
FN:4,(anonymous_0)
FN:9,(anonymous_1)
FN:14,(anonymous_2)
FN:19,(anonymous_3)
FNF:4
FNH:4
FNDA:3,(anonymous_0)
FNDA:3,(anonymous_1)
FNDA:3,(anonymous_2)
FNDA:2,(anonymous_3)
DA:5,3
DA:6,3
DA:10,3
DA:11,3
DA:15,3
DA:16,3
DA:20,2
LF:7
LH:7
BRF:0
BRH:0
end_of_record
