TN:
SF:controllers/googleSearchController.js
FN:4,searchLinks
FNF:1
FNH:1
FNDA:2,searchLinks
DA:6,2
DA:7,2
DA:8,2
DA:9,2
DA:10,2
DA:13,2
DA:14,2
DA:15,2
DA:17,2
LF:9
LH:9
BRF:0
BRH:0
end_of_record
TN:
SF:controllers/stackOverflowController.js
FN:7,getContent
FN:9,(anonymous_1)
FN:26,(anonymous_2)
FNF:3
FNH:3
FNDA:1,getContent
FNDA:20,(anonymous_1)
FNDA:7,(anonymous_2)
DA:8,1
DA:9,20
DA:10,1
DA:11,1
DA:12,1
DA:13,1
DA:14,1
DA:15,1
DA:16,1
DA:17,1
DA:18,1
DA:25,1
DA:26,1
DA:27,7
DA:33,7
DA:37,1
DA:39,1
LF:17
LH:17
BRDA:14,0,0,0
BRDA:14,0,1,1
BRF:2
BRH:1
end_of_record
TN:
SF:models/answer.js
FNF:0
FNH:0
DA:3,1
DA:23,1
LF:2
LH:2
BRF:0
BRH:0
end_of_record
TN:
SF:models/question.js
FNF:0
FNH:0
DA:3,1
DA:26,1
LF:2
LH:2
BRF:0
BRH:0
end_of_record
TN:
SF:utils/mongoose.js
FN:12,(anonymous_0)
FN:13,(anonymous_1)
FNF:2
FNH:1
FNDA:1,(anonymous_0)
FNDA:0,(anonymous_1)
DA:2,1
DA:3,1
DA:4,1
DA:5,1
DA:8,1
DA:12,1
DA:13,0
LF:7
LH:6
BRF:0
BRH:0
end_of_record
TN:
SF:utils/parser.js
FN:14,(anonymous_0)
FN:28,(anonymous_1)
FN:38,(anonymous_2)
FN:46,(anonymous_3)
FN:48,(anonymous_4)
FN:57,(anonymous_5)
FN:73,(anonymous_6)
FN:82,(anonymous_7)
FN:95,(anonymous_8)
FN:104,(anonymous_9)
FN:106,(anonymous_10)
FN:113,(anonymous_11)
FN:115,(anonymous_12)
FN:122,(anonymous_13)
FN:130,(anonymous_14)
FN:132,(anonymous_15)
FNF:16
FNH:14
FNDA:4,(anonymous_0)
FNDA:4,(anonymous_1)
FNDA:2,(anonymous_2)
FNDA:3,(anonymous_3)
FNDA:412,(anonymous_4)
FNDA:2,(anonymous_5)
FNDA:4,(anonymous_6)
FNDA:16,(anonymous_7)
FNDA:17,(anonymous_8)
FNDA:0,(anonymous_9)
FNDA:0,(anonymous_10)
FNDA:1,(anonymous_11)
FNDA:8,(anonymous_12)
FNDA:3,(anonymous_13)
FNDA:2,(anonymous_14)
FNDA:14,(anonymous_15)
DA:19,4
DA:20,4
DA:29,4
DA:30,4
DA:31,4
DA:39,2
DA:47,3
DA:48,412
DA:58,2
DA:59,2
DA:60,2
DA:61,2
DA:74,4
DA:83,16
DA:84,16
DA:85,0
DA:86,16
DA:87,10
DA:88,6
DA:96,17
DA:97,17
DA:105,0
DA:106,0
DA:114,1
DA:115,8
DA:123,3
DA:131,2
DA:132,2
DA:133,14
DA:134,14
DA:135,14
LF:31
LH:28
BRDA:84,0,0,0
BRDA:84,0,1,16
BRDA:86,1,0,10
BRDA:86,1,1,6
BRF:4
BRH:3
end_of_record
TN:
SF:utils/scraper.js
FN:4,(anonymous_0)
FN:9,(anonymous_1)
FN:18,(anonymous_2)
FN:23,(anonymous_3)
FNF:4
FNH:4
FNDA:3,(anonymous_0)
FNDA:3,(anonymous_1)
FNDA:3,(anonymous_2)
FNDA:3,(anonymous_3)
DA:5,3
DA:6,3
DA:10,3
DA:15,3
DA:19,3
DA:20,3
DA:24,3
LF:7
LH:7
BRF:0
BRH:0
end_of_record
